# JRE version: Java(TM) SE Runtime Environment (17.0.1+12) (build 17.0.1+12-LTS-39)
# Java VM: Java HotSpot(TM) 64-Bit Server VM (17.0.1+12-LTS-39, mixed mode, sharing, tiered, compressed oops, compressed class ptrs, g1 gc, windows-amd64)
GC Precious Log:
 CPUs: 8 total, 8 available
 Memory: 7998M
 Large Page Support: Disabled
 NUMA Support: Disabled
 Compressed Oops: Enabled (32-bit)
 Heap Region Size: 1M
 Heap Min Capacity: 8M
 Heap Initial Capacity: 126M
 Heap Max Capacity: 2000M
 Pre-touch: Disabled
 Parallel Workers: 8
 Concurrent Workers: 2
 Concurrent Refinement Workers: 8
 Periodic GC: Disabled
Heap:
 garbage-first heap   total 129024K, used 80851K [0x0000000083000000, 0x0000000100000000)
  region size 1024K, 73 young (74752K), 1 survivors (1024K)
 Metaspace       used 11362K, committed 11584K, reserved 1064960K
  class space    used 1166K, committed 1280K, reserved 1048576K
GC Heap History (10 events):
Event: 2.189 GC heap before
{Heap before GC invocations=0 (full 0):
 garbage-first heap   total 129024K, used 27648K [0x0000000083000000, 0x0000000100000000)
  region size 1024K, 23 young (23552K), 0 survivors (0K)
 Metaspace       used 10947K, committed 11200K, reserved 1064960K
  class space    used 1165K, committed 1280K, reserved 1048576K
}
Event: 2.193 GC heap after
{Heap after GC invocations=1 (full 0):
 garbage-first heap   total 129024K, used 7824K [0x0000000083000000, 0x0000000100000000)
  region size 1024K, 3 young (3072K), 3 survivors (3072K)
 Metaspace       used 10947K, committed 11200K, reserved 1064960K
  class space    used 1165K, committed 1280K, reserved 1048576K
}
Event: 4.695 GC heap before
{Heap before GC invocations=1 (full 0):
 garbage-first heap   total 129024K, used 40592K [0x0000000083000000, 0x0000000100000000)
  region size 1024K, 36 young (36864K), 3 survivors (3072K)
 Metaspace       used 11323K, committed 11520K, reserved 1064960K
  class space    used 1165K, committed 1280K, reserved 1048576K
}
Event: 4.701 GC heap after
{Heap after GC invocations=2 (full 0):
 garbage-first heap   total 129024K, used 8186K [0x0000000083000000, 0x0000000100000000)
  region size 1024K, 1 young (1024K), 1 survivors (1024K)
 Metaspace       used 11323K, committed 11520K, reserved 1064960K
  class space    used 1165K, committed 1280K, reserved 1048576K
}
Event: 12.826 GC heap before
{Heap before GC invocations=2 (full 0):
 garbage-first heap   total 129024K, used 83962K [0x0000000083000000, 0x0000000100000000)
  region size 1024K, 75 young (76800K), 1 survivors (1024K)
 Metaspace       used 11360K, committed 11584K, reserved 1064960K
  class space    used 1165K, committed 1280K, reserved 1048576K
}
Event: 12.828 GC heap after
{Heap after GC invocations=3 (full 0):
 garbage-first heap   total 129024K, used 8202K [0x0000000083000000, 0x0000000100000000)
  region size 1024K, 1 young (1024K), 1 survivors (1024K)
 Metaspace       used 11360K, committed 11584K, reserved 1064960K
  class space    used 1165K, committed 1280K, reserved 1048576K
}
Event: 19.513 GC heap before
{Heap before GC invocations=3 (full 0):
 garbage-first heap   total 129024K, used 83978K [0x0000000083000000, 0x0000000100000000)
  region size 1024K, 75 young (76800K), 1 survivors (1024K)
 Metaspace       used 11362K, committed 11584K, reserved 1064960K
  class space    used 1166K, committed 1280K, reserved 1048576K
}
Event: 19.515 GC heap after
{Heap after GC invocations=4 (full 0):
 garbage-first heap   total 129024K, used 8143K [0x0000000083000000, 0x0000000100000000)
  region size 1024K, 1 young (1024K), 1 survivors (1024K)
 Metaspace       used 11362K, committed 11584K, reserved 1064960K
  class space    used 1166K, committed 1280K, reserved 1048576K
}
Event: 28.271 GC heap before
{Heap before GC invocations=4 (full 0):
 garbage-first heap   total 129024K, used 83919K [0x0000000083000000, 0x0000000100000000)
  region size 1024K, 75 young (76800K), 1 survivors (1024K)
 Metaspace       used 11362K, committed 11584K, reserved 1064960K
  class space    used 1166K, committed 1280K, reserved 1048576K
}
Event: 28.275 GC heap after
{Heap after GC invocations=5 (full 0):
 garbage-first heap   total 129024K, used 8147K [0x0000000083000000, 0x0000000100000000)
  region size 1024K, 1 young (1024K), 1 survivors (1024K)
 Metaspace       used 11362K, committed 11584K, reserved 1064960K
  class space    used 1166K, committed 1280K, reserved 1048576K
}

